     Assembly listing for: punto1.mas
                Assembled: Wed Sep 29 10:40:02 COT 2021

000 5000 |                INPUT                    
001 2023 |                STORE A                  
002 5000 |                INPUT                    
003 2024 |                STORE B                  
004 5000 |                INPUT                    
005 2025 |                STORE C                  
         |                                        
006 1023 |                LOAD A                   
007 2039 |                STORE DIV_A              
008 1022 |                LOAD TWO                 
009 203A |                STORE DIV_B              
00A 0028 |                JNS div                  
00B 2023 |                STORE A                  
         |                                        
         |                                        	
00C 1024 |                LOAD B                   
00D 2039 |                STORE DIV_A              
00E 1022 |                LOAD TWO                 
00F 203A |                STORE DIV_B              
010 0028 |                JNS div                  
011 2024 |                STORE B                  
         |                                        
012 1025 |                LOAD C                   
013 2039 |                STORE DIV_A              
014 1022 |                LOAD TWO                 
015 203A |                STORE DIV_B              
016 0028 |                JNS div                  
017 2025 |                STORE C                  
         |                                        
018 1023 |                LOAD A                   
019 3024 |                ADD B                    
01A 2026 |                STORE M                  
         |                                        
01B 1026 |                LOAD M                   
01C 3025 |                ADD C                    
01D 2027 |                STORE N                  
         |                                        
01E 1027 |                LOAD N                   
01F 6000 |                OUTPUT                   
020 7000 |                HALT                     
         |                                        
021 0001 |  ONE           DEC 1                    
022 0002 |  TWO           DEC 2                    
023 0000 |  A             DEC 0                    
024 0000 |  B             DEC 0                    
025 0000 |  C             DEC 0                    
026 0000 |  M             DEC 0                    
027 0000 |  N             DEC 0                    
         |                                        
028 0000 |  div           DEC 0                    
029 A000 |                CLEAR                    
02A 203B |                STORE DIV_D              
02B 1039 |  div_while     LOAD DIV_A               
02C 403A |                SUBT DIV_B               
02D 8000 |                SKIPCOND 000             
02E 9030 |                JUMP div_whilebody       
02F 9037 |                JUMP div_endwhile        
030 1039 |  div_whilebody LOAD DIV_A               
031 403A |                SUBT DIV_B               
032 2039 |                STORE DIV_A              
033 103B |                LOAD DIV_D               
034 3021 |                ADD ONE                  
035 203B |                STORE DIV_D              
036 902B |                JUMP div_while           
037 103B |  div_endwhile  LOAD DIV_D               
038 C028 |                JUMPI div                
039 0000 |  DIV_A         DEC 0                    
03A 0000 |  DIV_B         DEC 0                    
03B 0000 |  DIV_D         DEC 0                    

Assembly successful.

         SYMBOL TABLE
         ---------------------------------------------------------
          Symbol        | Defined | References 
         ---------------+---------+-------------------------------
          A             |   023   | 001, 006, 00B, 018
          B             |   024   | 003, 00C, 011, 019
          C             |   025   | 005, 012, 017, 01C
          DIV_A         |   039   | 007, 00D, 013, 02B, 030, 032
          DIV_B         |   03A   | 009, 00F, 015, 02C, 031
          DIV_D         |   03B   | 02A, 033, 035, 037
          M             |   026   | 01A, 01B
          N             |   027   | 01D, 01E
          ONE           |   021   | 034
          TWO           |   022   | 008, 00E, 014
          div           |   028   | 00A, 010, 016, 038
          div_endwhile  |   037   | 02F
          div_while     |   02B   | 036
          div_whilebody |   030   | 02E
         ---------------------------------------------------------

